<?xml version="1.0" encoding="UTF-8"?>
<!-- Generated by org.testng.reporters.JUnitReportReporter -->
<testsuite skipped="0" hostname="BLRLW9561" name="script.Demo1" tests="1" failures="0" timestamp="14 Oct 2021 03:26:26 GMT" time="21.982" errors="0">
  <testcase name="testA" time="21.982" classname="script.Demo1"/>
</testsuite> <!-- script.Demo1 -->
