<?xml version="1.0" encoding="UTF-8"?>
<!-- Generated by org.testng.reporters.JUnitReportReporter -->
<testsuite skipped="0" hostname="BLRLW9561" name="script.ValidLogin" tests="1" failures="0" timestamp="18 Oct 2021 03:13:54 GMT" time="29.967" errors="0">
  <testcase name="testValidLogin" time="29.967" classname="script.ValidLogin"/>
</testsuite> <!-- script.ValidLogin -->
