<?xml version="1.0" encoding="UTF-8"?>
<!-- Generated by org.testng.reporters.JUnitReportReporter -->
<testsuite skipped="0" hostname="BLRLW9561" name="script.Demo2" tests="1" failures="0" timestamp="13 Oct 2021 04:02:11 GMT" time="18.077" errors="0">
  <testcase name="testB" time="18.077" classname="script.Demo2"/>
</testsuite> <!-- script.Demo2 -->
