<?xml version="1.0" encoding="UTF-8"?>
<!-- Generated by org.testng.reporters.JUnitReportReporter -->
<testsuite skipped="0" hostname="BLRLW9561" name="script.InvalidLogin" tests="2" failures="0" timestamp="19 Oct 2021 03:28:58 GMT" time="46.233" errors="0">
  <testcase name="testInvalidLogin" time="18.821" classname="script.InvalidLogin"/>
  <testcase name="testInvalidLogin" time="27.412" classname="script.InvalidLogin"/>
</testsuite> <!-- script.InvalidLogin -->
