<?xml version="1.0" encoding="UTF-8"?>
<!-- Generated by org.testng.reporters.JUnitReportReporter -->
<testsuite skipped="0" hostname="BLRLW9561" name="script.Demo1" tests="1" failures="0" timestamp="13 Oct 2021 04:02:11 GMT" time="44.979" errors="0">
  <testcase name="testA" time="44.979" classname="script.Demo1"/>
</testsuite> <!-- script.Demo1 -->
